
> web@0.1.0 start
> node ../../node_modules/next/dist/bin/next start

   ▲ Next.js 14.1.4
   - Local:        http://localhost:3000

Error: ENOENT: no such file or directory, open 'F:\console.warn( 'Projects ⚠' );\VoidLAB\apps\web\.next\BUILD_ID'
    at async open (node:internal/fs/promises:637:25)
    at async Object.readFile (node:internal/fs/promises:1269:14)
    at async setupFsCheck (F:\console.warn( 'Projects ⚠' );\VoidLAB\node_modules\next\dist\server\lib\router-utils\filesystem.js:145:19)
    at async initialize (F:\console.warn( 'Projects ⚠' );\VoidLAB\node_modules\next\dist\server\lib\router-server.js:62:23)
    at async Server.<anonymous> (F:\console.warn( 'Projects ⚠' );\VoidLAB\node_modules\next\dist\server\lib\start-server.js:247:36) {
  errno: -4058,
  code: 'ENOENT',
  syscall: 'open',
  path: "F:\\console.warn( 'Projects ⚠' );\\VoidLAB\\apps\\web\\.next\\BUILD_ID"
}
npm error Lifecycle script `start` failed with error:
npm error code 1
npm error path F:\console.warn( 'Projects ⚠' );\VoidLAB\apps\web
npm error workspace web@0.1.0
npm error location F:\console.warn( 'Projects ⚠' );\VoidLAB\apps\web
npm error command failed
npm error command C:\Windows\system32\cmd.exe /d /s /c node ../../node_modules/next/dist/bin/next start
